E[06:28:54.700] Background-index: Couldn't read /home/ascend/AscendProjects/sample-handposeRC/src/i2c.cpp to validate stored index: No such file or directory
E[06:28:54.799] Background-index: Couldn't read /home/ascend/AscendProjects/sample-handposeRC/src/dvpp_jpege.cpp to validate stored index: No such file or directory
E[06:28:54.805] Background-index: Couldn't read /home/ascend/AscendProjects/sample-handposeRC/inc/dvpp_jpegd.h to validate stored index: No such file or directory
E[06:28:54.859] Background-index: Couldn't read /home/ascend/AscendProjects/sample-handposeRC/inc/dvpp_jpege.h to validate stored index: No such file or directory
E[06:28:54.919] Background-index: Couldn't read /home/ascend/AscendProjects/sample-handposeRC/inc/hand_pose.h to validate stored index: No such file or directory
E[06:28:54.974] Background-index: Couldn't read /home/ascend/AscendProjects/sample-handposeRC/src/utils.cpp to validate stored index: No such file or directory
E[06:28:55.032] Background-index: Couldn't read /home/ascend/AscendProjects/sample-handposeRC/inc/camera.h to validate stored index: No such file or directory
E[06:28:55.035] Background-index: Couldn't read /home/ascend/AscendProjects/sample-handposeRC/inc/handpose_decode.h to validate stored index: No such file or directory
E[06:28:55.037] Background-index: Couldn't read /home/ascend/AscendProjects/sample-handposeRC/inc/dvpp_process.h to validate stored index: No such file or directory
E[06:28:55.043] Background-index: Couldn't read /home/ascend/AscendProjects/sample-handposeRC/src/dvpp_resize.cpp to validate stored index: No such file or directory
E[06:28:55.055] Background-index: Couldn't read /home/ascend/AscendProjects/sample-handposeRC/inc/i2c.h to validate stored index: No such file or directory
E[06:28:55.055] Background-index: Couldn't read /home/ascend/AscendProjects/sample-handposeRC/src/dvpp_process.cpp to validate stored index: No such file or directory
E[06:28:55.137] Background-index: Couldn't read /home/ascend/AscendProjects/sample-handposeRC/src/hand_pose.cpp to validate stored index: No such file or directory
E[06:28:55.149] Background-index: Couldn't read /home/ascend/AscendProjects/sample-handposeRC/src/uart.cpp to validate stored index: No such file or directory
E[06:28:55.160] Background-index: Couldn't read /home/ascend/AscendProjects/sample-handposeRC/src/model_process.cpp to validate stored index: No such file or directory
E[06:28:55.161] Background-index: Couldn't read /home/ascend/AscendProjects/sample-handposeRC/src/handpose_decode.cpp to validate stored index: No such file or directory
E[06:28:55.192] Background-index: Couldn't read /home/ascend/AscendProjects/sample-handposeRC/src/main.cpp to validate stored index: No such file or directory
E[06:28:55.208] Background-index: Couldn't read /home/ascend/AscendProjects/sample-handposeRC/inc/dvpp_resize.h to validate stored index: No such file or directory
E[06:28:55.212] Background-index: Couldn't read /home/ascend/AscendProjects/sample-handposeRC/inc/model_process.h to validate stored index: No such file or directory
E[06:28:55.298] Background-index: Couldn't read /home/ascend/AscendProjects/sample-handposeRC/inc/uart.h to validate stored index: No such file or directory
E[06:28:55.331] Background-index: Couldn't read /home/ascend/AscendProjects/sample-handposeRC/inc/utils.h to validate stored index: No such file or directory
E[06:28:55.402] Background-index: Couldn't read /home/ascend/AscendProjects/sample-handposeRC/src/camera.cpp to validate stored index: No such file or directory
